0 info it worked if it ends with ok
1 verbose cli [ 'C:\\Users\\HungLe\\AppData\\Roaming\\npm\\node.exe',
1 verbose cli   'C:\\Users\\HungLe\\AppData\\Roaming\\npm\\node_modules\\npm\\bin\\npm-cli.js',
1 verbose cli   'start' ]
2 info using npm@3.10.6
3 info using node@v5.12.0
4 verbose run-script [ 'prestart', 'start', 'poststart' ]
5 info lifecycle mysql-jwt-auth@0.0.0~prestart: mysql-jwt-auth@0.0.0
6 silly lifecycle mysql-jwt-auth@0.0.0~prestart: no script for prestart, continuing
7 info lifecycle mysql-jwt-auth@0.0.0~start: mysql-jwt-auth@0.0.0
8 verbose lifecycle mysql-jwt-auth@0.0.0~start: unsafe-perm in lifecycle true
9 verbose lifecycle mysql-jwt-auth@0.0.0~start: PATH: C:\Users\HungLe\AppData\Roaming\npm\node_modules\npm\bin\node-gyp-bin;C:\Users\HungLe\mysql-jwt-auth\node_modules\.bin;C:\ProgramData\Oracle\Java\javapath;C:\WINDOWS\system32;C:\WINDOWS;C:\WINDOWS\System32\Wbem;C:\WINDOWS\System32\WindowsPowerShell\v1.0\;C:\Program Files (x86)\ATI Technologies\ATI.ACE\Core-Static;C:\Program Files (x86)\AMD\ATI.ACE\Core-Static;E:\soft\jdk8-x64\bin;C:\Program Files (x86)\Skype\Phone\;C:\WINDOWS\system32\config\systemprofile\.dnx\bin;C:\Program Files\Microsoft DNX\Dnvm\;C:\Program Files (x86)\Windows Live\Shared;C:\Program Files\Microsoft\Web Platform Installer\;C:\Program Files\Microsoft SQL Server\120\Tools\Binn\;C:\Program Files\Microsoft SQL Server\130\Tools\Binn\;C:\Program Files (x86)\Windows Kits\10\Windows Performance Toolkit\;C:\Program Files\Git\cmd;C:\ProgramData\chocolatey\bin;C:\Users\HungLe\AppData\Roaming\npm\;C:\Users\HungLe\.dnx\bin;C:\Program Files (x86)\Microsoft VS Code\bin;E:\soft\android-sdk\tools;E:\soft\android-sdk\platform-tools;E:\soft\PortableGit\bin;C:\Program Files (x86)\Nmap;C:\Program Files\Genymobile\Genymotion;E:\soft\gradle-2.8\bin;C:\Users\HungLe\AppData\Roaming\npm
10 verbose lifecycle mysql-jwt-auth@0.0.0~start: CWD: C:\Users\HungLe\mysql-jwt-auth
11 silly lifecycle mysql-jwt-auth@0.0.0~start: Args: [ '/d /s /c', 'node ./bin/www' ]
12 silly lifecycle mysql-jwt-auth@0.0.0~start: Returned: code: 1  signal: null
13 info lifecycle mysql-jwt-auth@0.0.0~start: Failed to exec start script
14 verbose stack Error: mysql-jwt-auth@0.0.0 start: `node ./bin/www`
14 verbose stack Exit status 1
14 verbose stack     at EventEmitter.<anonymous> (C:\Users\HungLe\AppData\Roaming\npm\node_modules\npm\lib\utils\lifecycle.js:255:16)
14 verbose stack     at emitTwo (events.js:100:13)
14 verbose stack     at EventEmitter.emit (events.js:185:7)
14 verbose stack     at ChildProcess.<anonymous> (C:\Users\HungLe\AppData\Roaming\npm\node_modules\npm\lib\utils\spawn.js:40:14)
14 verbose stack     at emitTwo (events.js:100:13)
14 verbose stack     at ChildProcess.emit (events.js:185:7)
14 verbose stack     at maybeClose (internal/child_process.js:850:16)
14 verbose stack     at Process.ChildProcess._handle.onexit (internal/child_process.js:215:5)
15 verbose pkgid mysql-jwt-auth@0.0.0
16 verbose cwd C:\Users\HungLe\mysql-jwt-auth
17 error Windows_NT 10.0.10586
18 error argv "C:\\Users\\HungLe\\AppData\\Roaming\\npm\\node.exe" "C:\\Users\\HungLe\\AppData\\Roaming\\npm\\node_modules\\npm\\bin\\npm-cli.js" "start"
19 error node v5.12.0
20 error npm  v3.10.6
21 error code ELIFECYCLE
22 error mysql-jwt-auth@0.0.0 start: `node ./bin/www`
22 error Exit status 1
23 error Failed at the mysql-jwt-auth@0.0.0 start script 'node ./bin/www'.
23 error Make sure you have the latest version of node.js and npm installed.
23 error If you do, this is most likely a problem with the mysql-jwt-auth package,
23 error not with npm itself.
23 error Tell the author that this fails on your system:
23 error     node ./bin/www
23 error You can get information on how to open an issue for this project with:
23 error     npm bugs mysql-jwt-auth
23 error Or if that isn't available, you can get their info via:
23 error     npm owner ls mysql-jwt-auth
23 error There is likely additional logging output above.
24 verbose exit [ 1, true ]
